{"uid":"2bd0db17a180b6b9","name":"test_failure_example","fullName":"tests.test_login.TestLogin#test_failure_example","historyId":"509a9eefbf4258726475cdb9ed5a2929","time":{"start":1747911494399,"stop":1747911495927,"duration":1528},"status":"failed","statusMessage":"AssertionError: Intentional failure to test screenshot capture\nassert False","statusTrace":"self = <test_login.TestLogin object at 0x00000261DD802350>, driver = <selenium.webdriver.chrome.webdriver.WebDriver (session=\"c2845ef387745c2a0913e0341cfd7437\")>\nlogin = <pages.loginpage.LoginPage object at 0x00000261DD7F2BA0>\n\n    @allure.story(\"Invalid Test\")\n    @allure.severity(allure.severity_level.NORMAL)\n    def test_failure_example(self, driver, login: LoginPage):\n        with allure.step('check krte hai kaam krega ya nahi'):\n            login.navigate_to(\"https://google.com\")\n>           assert False, \"Intentional failure to test screenshot capture\"\nE           AssertionError: Intentional failure to test screenshot capture\nE           assert False\n\ntests\\test_login.py:103: AssertionError","flaky":false,"newFailed":false,"newBroken":false,"newPassed":false,"retriesCount":1,"retriesStatusChange":false,"beforeStages":[{"name":"driver","time":{"start":1747911489803,"stop":1747911494395,"duration":4592},"status":"passed","steps":[],"attachments":[],"parameters":[],"stepsCount":0,"shouldDisplayMessage":false,"attachmentStep":false,"attachmentsCount":0,"hasContent":false},{"name":"login","time":{"start":1747911494395,"stop":1747911494397,"duration":2},"status":"passed","steps":[],"attachments":[],"parameters":[],"stepsCount":0,"shouldDisplayMessage":false,"attachmentStep":false,"attachmentsCount":0,"hasContent":false}],"testStage":{"status":"failed","statusMessage":"AssertionError: Intentional failure to test screenshot capture\nassert False","statusTrace":"self = <test_login.TestLogin object at 0x00000261DD802350>, driver = <selenium.webdriver.chrome.webdriver.WebDriver (session=\"c2845ef387745c2a0913e0341cfd7437\")>\nlogin = <pages.loginpage.LoginPage object at 0x00000261DD7F2BA0>\n\n    @allure.story(\"Invalid Test\")\n    @allure.severity(allure.severity_level.NORMAL)\n    def test_failure_example(self, driver, login: LoginPage):\n        with allure.step('check krte hai kaam krega ya nahi'):\n            login.navigate_to(\"https://google.com\")\n>           assert False, \"Intentional failure to test screenshot capture\"\nE           AssertionError: Intentional failure to test screenshot capture\nE           assert False\n\ntests\\test_login.py:103: AssertionError","steps":[{"name":"check krte hai kaam krega ya nahi","time":{"start":1747911494399,"stop":1747911495925,"duration":1526},"status":"failed","statusMessage":"AssertionError: Intentional failure to test screenshot capture\nassert False\n","statusTrace":"  File \"D:\\Pytest_Selenium\\tests\\test_login.py\", line 103, in test_failure_example\n    assert False, \"Intentional failure to test screenshot capture\"\n","steps":[],"attachments":[],"parameters":[],"stepsCount":0,"shouldDisplayMessage":true,"attachmentStep":false,"attachmentsCount":0,"hasContent":true}],"attachments":[{"uid":"2126da8c94107b60","name":"failure","source":"2126da8c94107b60.png","type":"image/png","size":98718},{"uid":"db2d3bf2cd9b40cc","name":"log","source":"db2d3bf2cd9b40cc.txt","type":"text/plain","size":235},{"uid":"590a8b45bc9b2c3b","name":"stdout","source":"590a8b45bc9b2c3b.txt","type":"text/plain","size":192}],"parameters":[],"stepsCount":1,"shouldDisplayMessage":true,"attachmentStep":false,"attachmentsCount":3,"hasContent":true},"afterStages":[{"name":"driver::0","time":{"start":1747911496797,"stop":1747911499147,"duration":2350},"status":"passed","steps":[],"attachments":[],"parameters":[],"stepsCount":0,"shouldDisplayMessage":false,"attachmentStep":false,"attachmentsCount":0,"hasContent":false}],"labels":[{"name":"feature","value":"Login Module"},{"name":"story","value":"Invalid Test"},{"name":"severity","value":"normal"},{"name":"parentSuite","value":"tests"},{"name":"suite","value":"test_login"},{"name":"subSuite","value":"TestLogin"},{"name":"host","value":"ASCLASSIE"},{"name":"thread","value":"1964-MainThread"},{"name":"framework","value":"pytest"},{"name":"language","value":"cpython3"},{"name":"package","value":"tests.test_login"},{"name":"resultFormat","value":"allure2"}],"parameters":[],"links":[],"hidden":false,"retry":false,"extra":{"severity":"normal","retries":[{"uid":"7ffdbdf51e684785","status":"failed","statusDetails":"AssertionError: Intentional failure to test screenshot capture\nassert False","time":{"start":1747883905119,"stop":1747883906563,"duration":1444}}],"categories":[{"name":"Product defects","matchedStatuses":[]}],"tags":[]},"source":"2bd0db17a180b6b9.json","parameterValues":[]}