{"uid":"7ffdbdf51e684785","name":"test_failure_example","fullName":"tests.test_login.TestLogin#test_failure_example","historyId":"509a9eefbf4258726475cdb9ed5a2929","time":{"start":1747883905119,"stop":1747883906563,"duration":1444},"status":"failed","statusMessage":"AssertionError: Intentional failure to test screenshot capture\nassert False","statusTrace":"self = <test_login.TestLogin object at 0x0000022B35649310>, driver = <selenium.webdriver.chrome.webdriver.WebDriver (session=\"e06232874f67f4e8096745ec110b741f\")>\n\n    @allure.story(\"Invalid Test\")\n    @allure.severity(allure.severity_level.NORMAL)\n    def test_failure_example(self,driver):\n        with allure.step('check krte hai kaam krega ya nahi'):\n            self.driver.get(\"https://google.com\")\n>           assert False, \"Intentional failure to test screenshot capture\"\nE           AssertionError: Intentional failure to test screenshot capture\nE           assert False\n\ntests\\test_login.py:99: AssertionError","flaky":false,"newFailed":false,"newBroken":false,"newPassed":false,"retriesCount":0,"retriesStatusChange":false,"beforeStages":[{"name":"driver","time":{"start":1747883893986,"stop":1747883905088,"duration":11102},"status":"passed","steps":[],"attachments":[],"parameters":[],"stepsCount":0,"shouldDisplayMessage":false,"attachmentStep":false,"attachmentsCount":0,"hasContent":false},{"name":"login_page","time":{"start":1747883905089,"stop":1747883905118,"duration":29},"status":"passed","steps":[],"attachments":[],"parameters":[],"stepsCount":0,"shouldDisplayMessage":false,"attachmentStep":false,"attachmentsCount":0,"hasContent":false}],"testStage":{"status":"failed","statusMessage":"AssertionError: Intentional failure to test screenshot capture\nassert False","statusTrace":"self = <test_login.TestLogin object at 0x0000022B35649310>, driver = <selenium.webdriver.chrome.webdriver.WebDriver (session=\"e06232874f67f4e8096745ec110b741f\")>\n\n    @allure.story(\"Invalid Test\")\n    @allure.severity(allure.severity_level.NORMAL)\n    def test_failure_example(self,driver):\n        with allure.step('check krte hai kaam krega ya nahi'):\n            self.driver.get(\"https://google.com\")\n>           assert False, \"Intentional failure to test screenshot capture\"\nE           AssertionError: Intentional failure to test screenshot capture\nE           assert False\n\ntests\\test_login.py:99: AssertionError","steps":[{"name":"check krte hai kaam krega ya nahi","time":{"start":1747883905119,"stop":1747883906561,"duration":1442},"status":"failed","statusMessage":"AssertionError: Intentional failure to test screenshot capture\nassert False\n","statusTrace":"  File \"D:\\Pytest_Selenium\\tests\\test_login.py\", line 99, in test_failure_example\n    assert False, \"Intentional failure to test screenshot capture\"\n","steps":[],"attachments":[],"parameters":[],"stepsCount":0,"shouldDisplayMessage":true,"attachmentStep":false,"attachmentsCount":0,"hasContent":true}],"attachments":[{"uid":"b142c24ea5a1a7ab","name":"failure","source":"b142c24ea5a1a7ab.png","type":"image/png","size":90253},{"uid":"b0d5d51035de3248","name":"log","source":"b0d5d51035de3248.txt","type":"text/plain","size":150},{"uid":"5d208a016c935a89","name":"stdout","source":"5d208a016c935a89.txt","type":"text/plain","size":129}],"parameters":[],"stepsCount":1,"shouldDisplayMessage":true,"attachmentStep":false,"attachmentsCount":3,"hasContent":true},"afterStages":[{"name":"driver::0","time":{"start":1747883907394,"stop":1747883909707,"duration":2313},"status":"passed","steps":[],"attachments":[],"parameters":[],"stepsCount":0,"shouldDisplayMessage":false,"attachmentStep":false,"attachmentsCount":0,"hasContent":false}],"labels":[{"name":"story","value":"Invalid Test"},{"name":"severity","value":"normal"},{"name":"feature","value":"Login Module"},{"name":"tag","value":"@pytest.mark.usefixtures('login_page')"},{"name":"parentSuite","value":"tests"},{"name":"suite","value":"test_login"},{"name":"subSuite","value":"TestLogin"},{"name":"host","value":"ASCLASSIE"},{"name":"thread","value":"11560-MainThread"},{"name":"framework","value":"pytest"},{"name":"language","value":"cpython3"},{"name":"package","value":"tests.test_login"},{"name":"resultFormat","value":"allure2"}],"parameters":[],"links":[],"hidden":true,"retry":true,"extra":{"categories":[],"tags":["@pytest.mark.usefixtures('login_page')"]},"source":"7ffdbdf51e684785.json","parameterValues":[]}