{"name": "test_failure_example", "status": "failed", "statusDetails": {"message": "AssertionError: Intentional failure to test screenshot capture\nassert False", "trace": "self = <test_login.TestLogin object at 0x0000022B35649310>, driver = <selenium.webdriver.chrome.webdriver.WebDriver (session=\"e06232874f67f4e8096745ec110b741f\")>\n\n    @allure.story(\"Invalid Test\")\n    @allure.severity(allure.severity_level.NORMAL)\n    def test_failure_example(self,driver):\n        with allure.step('check krte hai kaam krega ya nahi'):\n            self.driver.get(\"https://google.com\")\n>           assert False, \"Intentional failure to test screenshot capture\"\nE           AssertionError: Intentional failure to test screenshot capture\nE           assert False\n\ntests\\test_login.py:99: AssertionError"}, "steps": [{"name": "check krte hai kaam krega ya nahi", "status": "failed", "statusDetails": {"message": "AssertionError: Intentional failure to test screenshot capture\nassert False\n", "trace": "  File \"D:\\Pytest_Selenium\\tests\\test_login.py\", line 99, in test_failure_example\n    assert False, \"Intentional failure to test screenshot capture\"\n"}, "start": 1747883905119, "stop": 1747883906561}], "attachments": [{"name": "failure", "source": "667297e1-c650-42c3-bd1d-7e4d3d4f9a82-attachment.png", "type": "image/png"}, {"name": "log", "source": "67324432-0ea5-47f0-b0fb-fcb25c12b540-attachment.txt", "type": "text/plain"}, {"name": "stdout", "source": "f5ceeab3-6c94-4b84-8533-a34601b49906-attachment.txt", "type": "text/plain"}], "start": 1747883905119, "stop": 1747883906563, "uuid": "aa2b105d-78c8-4f16-9f9b-251757f320a5", "historyId": "509a9eefbf4258726475cdb9ed5a2929", "testCaseId": "509a9eefbf4258726475cdb9ed5a2929", "fullName": "tests.test_login.TestLogin#test_failure_example", "labels": [{"name": "story", "value": "Invalid Test"}, {"name": "severity", "value": "normal"}, {"name": "feature", "value": "Login Module"}, {"name": "tag", "value": "@pytest.mark.usefixtures('login_page')"}, {"name": "parentSuite", "value": "tests"}, {"name": "suite", "value": "test_login"}, {"name": "subSuite", "value": "TestLogin"}, {"name": "host", "value": "ASCLASSIE"}, {"name": "thread", "value": "11560-MainThread"}, {"name": "framework", "value": "pytest"}, {"name": "language", "value": "cpython3"}, {"name": "package", "value": "tests.test_login"}]}