{"name": "test_failure_example", "status": "failed", "statusDetails": {"message": "AssertionError: Intentional failure to test screenshot capture\nassert False", "trace": "self = <test_login.TestLogin object at 0x00000261DD802350>, driver = <selenium.webdriver.chrome.webdriver.WebDriver (session=\"c2845ef387745c2a0913e0341cfd7437\")>\nlogin = <pages.loginpage.LoginPage object at 0x00000261DD7F2BA0>\n\n    @allure.story(\"Invalid Test\")\n    @allure.severity(allure.severity_level.NORMAL)\n    def test_failure_example(self, driver, login: LoginPage):\n        with allure.step('check krte hai kaam krega ya nahi'):\n            login.navigate_to(\"https://google.com\")\n>           assert False, \"Intentional failure to test screenshot capture\"\nE           AssertionError: Intentional failure to test screenshot capture\nE           assert False\n\ntests\\test_login.py:103: AssertionError"}, "steps": [{"name": "check krte hai kaam krega ya nahi", "status": "failed", "statusDetails": {"message": "AssertionError: Intentional failure to test screenshot capture\nassert False\n", "trace": "  File \"D:\\Pytest_Selenium\\tests\\test_login.py\", line 103, in test_failure_example\n    assert False, \"Intentional failure to test screenshot capture\"\n"}, "start": 1747911494399, "stop": 1747911495925}], "attachments": [{"name": "failure", "source": "b5690ad6-14b2-49a9-927e-ea7b2482a1f3-attachment.png", "type": "image/png"}, {"name": "log", "source": "d8c76003-f87f-4c18-9048-7955ab6a25a8-attachment.txt", "type": "text/plain"}, {"name": "stdout", "source": "5c67a477-2aa5-4b71-94ed-34c263e8fcc1-attachment.txt", "type": "text/plain"}], "start": 1747911494399, "stop": 1747911495927, "uuid": "9443278c-c80b-4991-aa1c-d4ee560ed25a", "historyId": "509a9eefbf4258726475cdb9ed5a2929", "testCaseId": "509a9eefbf4258726475cdb9ed5a2929", "fullName": "tests.test_login.TestLogin#test_failure_example", "labels": [{"name": "feature", "value": "Login Module"}, {"name": "story", "value": "Invalid Test"}, {"name": "severity", "value": "normal"}, {"name": "parentSuite", "value": "tests"}, {"name": "suite", "value": "test_login"}, {"name": "subSuite", "value": "TestLogin"}, {"name": "host", "value": "ASCLASSIE"}, {"name": "thread", "value": "1964-MainThread"}, {"name": "framework", "value": "pytest"}, {"name": "language", "value": "cpython3"}, {"name": "package", "value": "tests.test_login"}]}